<?xml version="1.0" encoding="UTF-8"?>
<testsuite xmlns:xsi="http://www.w3.org/2001/XMLSchema-instance" xsi:noNamespaceSchemaLocation="https://maven.apache.org/surefire/maven-surefire-plugin/xsd/surefire-test-report.xsd" name="TestSuite" time="320.205" tests="12" errors="0" skipped="0" failures="3">
  <properties>
[...]
</properties>
  <testcase name="verifySignupTest" classname="hybridWeb.crm.qa.testcases.SignUpPageTest" time="3.596"/>
  <testcase name="verifySignupTest" classname="hybridWeb.crm.qa.testcases.SignUpPageTest" time="3.558"/>
  <testcase name="verifySignupTest" classname="hybridWeb.crm.qa.testcases.SignUpPageTest" time="2.938"/>
  <testcase name="verfifydashTitleTest" classname="hybridWeb.crm.qa.testcases.dashboardPageTest" time="3.363"/>
  <testcase name="verifydashTextTest" classname="hybridWeb.crm.qa.testcases.dashboardPageTest" time="2.198"/>
  <testcase name="verifydashUserTest" classname="hybridWeb.crm.qa.testcases.dashboardPageTest" time="1.869">
    <failure message="username of dashboard didnt match expected [Your Dashboard learningpython11@gmail.com] but found [Your Dashboard&#10;learningpython11@gmail.com]" type="java.lang.AssertionError">java.lang.AssertionError: 
username of dashboard didnt match expected [Your Dashboard learningpython11@gmail.com] but found [Your Dashboard
learningpython11@gmail.com]
	at hybridWeb.crm.qa.testcases.dashboardPageTest.verifydashUserTest(dashboardPageTest.java:62)
</failure>
    <system-out><![CDATA[testing in progress
Before navigating to: 'https://dev-cloud.campk12.com/in'
Navigated to:'https://dev-cloud.campk12.com/in'
Trying to find Element By : By.xpath: //*[contains(text(),'Login to Dashboard')]
Found Element By : By.xpath: //*[contains(text(),'Login to Dashboard')]
Trying to click on: [[ChromeDriver: chrome on MAC (499bb88e798d120e8e13a10bb22cd5e9)] -> xpath: //*[contains(text(),'Login to Dashboard')]]
Clicked on: [[ChromeDriver: chrome on MAC (499bb88e798d120e8e13a10bb22cd5e9)] -> xpath: //*[contains(text(),'Login to Dashboard')]]
Trying to find Element By : By.xpath: //button[contains(text(),'Login via Password Instead')]
Found Element By : By.xpath: //button[contains(text(),'Login via Password Instead')]
Trying to click on: [[ChromeDriver: chrome on MAC (499bb88e798d120e8e13a10bb22cd5e9)] -> xpath: //button[contains(text(),'Login via Password Instead')]]
Clicked on: [[ChromeDriver: chrome on MAC (499bb88e798d120e8e13a10bb22cd5e9)] -> xpath: //button[contains(text(),'Login via Password Instead')]]
Trying to find Element By : By.xpath: //input[@name='email' and @type='email']
Found Element By : By.xpath: //input[@name='email' and @type='email']
Trying to find Element By : By.xpath: //input[@name="password" and @type="password"]
Found Element By : By.xpath: //input[@name="password" and @type="password"]
Trying to find Element By : By.xpath: //button[contains(text(),"Login with Password")]
Found Element By : By.xpath: //button[contains(text(),"Login with Password")]
Trying to click on: [[ChromeDriver: chrome on MAC (499bb88e798d120e8e13a10bb22cd5e9)] -> xpath: //button[contains(text(),"Login with Password")]]
Clicked on: [[ChromeDriver: chrome on MAC (499bb88e798d120e8e13a10bb22cd5e9)] -> xpath: //button[contains(text(),"Login with Password")]]
Trying to find Element By : By.cssSelector: .css-1ww79u8
Found Element By : By.cssSelector: .css-1ww79u8
]]></system-out>
    <system-err><![CDATA[Starting ChromeDriver 104.0.5112.79 (3cf3e8c8a07d104b9e1260c910efb8f383285dc5-refs/branch-heads/5112@{#1307}) on port 52102
Only local connections are allowed.
Please see https://chromedriver.chromium.org/security-considerations for suggestions on keeping ChromeDriver safe.
ChromeDriver was started successfully.
[1662737686.267][WARNING]: This version of ChromeDriver has not been tested with Chrome version 105.
Sep 09, 2022 9:04:46 PM org.openqa.selenium.remote.ProtocolHandshake createSession
INFO: Detected upstream dialect: W3C
Sep 09, 2022 9:04:46 PM org.openqa.selenium.devtools.CdpVersionFinder findNearestMatch
WARNING: Unable to find an exact match for CDP version 105, so returning the closest version found: 104
Sep 09, 2022 9:04:46 PM org.openqa.selenium.devtools.CdpVersionFinder findNearestMatch
INFO: Found CDP implementation for version 105 of 104
]]></system-err>
  </testcase>
  <testcase name="verifycurriculumLinkTest" classname="hybridWeb.crm.qa.testcases.dashboardPageTest" time="2.534"/>
  <testcase name="verfifycuriculumTitleTest" classname="hybridWeb.crm.qa.testcases.CurriculumPageTest" time="0.034"/>
  <testcase name="verfifygradeTest" classname="hybridWeb.crm.qa.testcases.CurriculumPageTest" time="0.082">
    <failure message="grade not matched expected [Grades 5-6] but found [Grades 3-4]" type="java.lang.AssertionError">java.lang.AssertionError: grade not matched expected [Grades 5-6] but found [Grades 3-4]
	at hybridWeb.crm.qa.testcases.CurriculumPageTest.verfifygradeTest(CurriculumPageTest.java:56)
</failure>
    <system-out><![CDATA[testing in progress
Before navigating to: 'https://dev-cloud.campk12.com/in'
Navigated to:'https://dev-cloud.campk12.com/in'
Trying to find Element By : By.xpath: //*[contains(text(),'Login to Dashboard')]
Found Element By : By.xpath: //*[contains(text(),'Login to Dashboard')]
Trying to click on: [[ChromeDriver: chrome on MAC (22fdd3a3cf2e9e566832c5a98399a1fa)] -> xpath: //*[contains(text(),'Login to Dashboard')]]
Clicked on: [[ChromeDriver: chrome on MAC (22fdd3a3cf2e9e566832c5a98399a1fa)] -> xpath: //*[contains(text(),'Login to Dashboard')]]
Trying to find Element By : By.xpath: //button[contains(text(),'Login via Password Instead')]
Found Element By : By.xpath: //button[contains(text(),'Login via Password Instead')]
Trying to click on: [[ChromeDriver: chrome on MAC (22fdd3a3cf2e9e566832c5a98399a1fa)] -> xpath: //button[contains(text(),'Login via Password Instead')]]
Clicked on: [[ChromeDriver: chrome on MAC (22fdd3a3cf2e9e566832c5a98399a1fa)] -> xpath: //button[contains(text(),'Login via Password Instead')]]
Trying to find Element By : By.xpath: //input[@name='email' and @type='email']
Found Element By : By.xpath: //input[@name='email' and @type='email']
Trying to find Element By : By.xpath: //input[@name="password" and @type="password"]
Found Element By : By.xpath: //input[@name="password" and @type="password"]
Trying to find Element By : By.xpath: //button[contains(text(),"Login with Password")]
Found Element By : By.xpath: //button[contains(text(),"Login with Password")]
Trying to click on: [[ChromeDriver: chrome on MAC (22fdd3a3cf2e9e566832c5a98399a1fa)] -> xpath: //button[contains(text(),"Login with Password")]]
Clicked on: [[ChromeDriver: chrome on MAC (22fdd3a3cf2e9e566832c5a98399a1fa)] -> xpath: //button[contains(text(),"Login with Password")]]
Trying to find Element By : By.xpath: //a[@href = "/curriculum"]
Found Element By : By.xpath: //a[@href = "/curriculum"]
Trying to click on: [[ChromeDriver: chrome on MAC (22fdd3a3cf2e9e566832c5a98399a1fa)] -> xpath: //a[@href = "/curriculum"]]
Clicked on: [[ChromeDriver: chrome on MAC (22fdd3a3cf2e9e566832c5a98399a1fa)] -> xpath: //a[@href = "/curriculum"]]
Trying to find Element By : By.cssSelector: button[class='css-12awtiv'] span
Found Element By : By.cssSelector: button[class='css-12awtiv'] span
]]></system-out>
    <system-err><![CDATA[Starting ChromeDriver 104.0.5112.79 (3cf3e8c8a07d104b9e1260c910efb8f383285dc5-refs/branch-heads/5112@{#1307}) on port 63706
Only local connections are allowed.
Please see https://chromedriver.chromium.org/security-considerations for suggestions on keeping ChromeDriver safe.
ChromeDriver was started successfully.
[1662737758.208][WARNING]: This version of ChromeDriver has not been tested with Chrome version 105.
Sep 09, 2022 9:05:58 PM org.openqa.selenium.remote.ProtocolHandshake createSession
INFO: Detected upstream dialect: W3C
Sep 09, 2022 9:05:58 PM org.openqa.selenium.devtools.CdpVersionFinder findNearestMatch
WARNING: Unable to find an exact match for CDP version 105, so returning the closest version found: 104
Sep 09, 2022 9:05:58 PM org.openqa.selenium.devtools.CdpVersionFinder findNearestMatch
INFO: Found CDP implementation for version 105 of 104
]]></system-err>
  </testcase>
  <testcase name="verifydownloadcurrTest" classname="hybridWeb.crm.qa.testcases.CurriculumPageTest" time="0.165"/>
  <testcase name="verifyPayMonthlyRadioTest" classname="hybridWeb.crm.qa.testcases.CurriculumPageTest" time="1.946">
    <failure message="element click intercepted: Element is not clickable at point (876, 991)&#10;  (Session info: chrome=105.0.5195.102)&#10;Build info: version: &apos;4.4.0&apos;, revision: &apos;e5c75ed026a&apos;&#10;System info: host: &apos;mandeeps-MacBook-Air.local&apos;, ip: &apos;2401:4900:1f33:aa9c:4d5:146c:d7bf:cd62%en0&apos;, os.name: &apos;Mac OS X&apos;, os.arch: &apos;x86_64&apos;, os.version: &apos;11.5.2&apos;, java.version: &apos;17.0.1&apos;&#10;Driver info: org.openqa.selenium.chrome.ChromeDriver&#10;Command: [0b3094a7615327dba598b6dbfa4ee326, clickElement {id=4e5bef1a-106e-467d-a5c6-62133cefc49c}]&#10;Capabilities {acceptInsecureCerts: false, browserName: chrome, browserVersion: 105.0.5195.102, chrome: {chromedriverVersion: 104.0.5112.79 (3cf3e8c8a07d..., userDataDir: /var/folders/g3/l59l2wlx2jx...}, goog:chromeOptions: {debuggerAddress: localhost:50087}, networkConnectionEnabled: false, pageLoadStrategy: normal, platformName: MAC, proxy: Proxy(), se:cdp: ws://localhost:50087/devtoo..., se:cdpVersion: 105.0.5195.102, setWindowRect: true, strictFileInteractability: false, timeouts: {implicit: 0, pageLoad: 300000, script: 30000}, unhandledPromptBehavior: dismiss and notify, webauthn:extension:credBlob: true, webauthn:extension:largeBlob: true, webauthn:virtualAuthenticators: true}&#10;Element: [[ChromeDriver: chrome on MAC (0b3094a7615327dba598b6dbfa4ee326)] -&gt; css selector: input.css-1gy22ay[value=&quot;MONTHLY&quot;]]&#10;Session ID: 0b3094a7615327dba598b6dbfa4ee326" type="org.openqa.selenium.ElementClickInterceptedException">org.openqa.selenium.ElementClickInterceptedException: 
element click intercepted: Element is not clickable at point (876, 991)
  (Session info: chrome=105.0.5195.102)
Build info: version: '4.4.0', revision: 'e5c75ed026a'
System info: host: 'mandeeps-MacBook-Air.local', ip: '2401:4900:1f33:aa9c:4d5:146c:d7bf:cd62%en0', os.name: 'Mac OS X', os.arch: 'x86_64', os.version: '11.5.2', java.version: '17.0.1'
Driver info: org.openqa.selenium.chrome.ChromeDriver
Command: [0b3094a7615327dba598b6dbfa4ee326, clickElement {id=4e5bef1a-106e-467d-a5c6-62133cefc49c}]
Capabilities {acceptInsecureCerts: false, browserName: chrome, browserVersion: 105.0.5195.102, chrome: {chromedriverVersion: 104.0.5112.79 (3cf3e8c8a07d..., userDataDir: /var/folders/g3/l59l2wlx2jx...}, goog:chromeOptions: {debuggerAddress: localhost:50087}, networkConnectionEnabled: false, pageLoadStrategy: normal, platformName: MAC, proxy: Proxy(), se:cdp: ws://localhost:50087/devtoo..., se:cdpVersion: 105.0.5195.102, setWindowRect: true, strictFileInteractability: false, timeouts: {implicit: 0, pageLoad: 300000, script: 30000}, unhandledPromptBehavior: dismiss and notify, webauthn:extension:credBlob: true, webauthn:extension:largeBlob: true, webauthn:virtualAuthenticators: true}
Element: [[ChromeDriver: chrome on MAC (0b3094a7615327dba598b6dbfa4ee326)] -> css selector: input.css-1gy22ay[value="MONTHLY"]]
Session ID: 0b3094a7615327dba598b6dbfa4ee326
	at hybridWeb.crm.qa.testcases.CurriculumPageTest.verifyPayMonthlyRadioTest(CurriculumPageTest.java:69)
</failure>
    <system-out><![CDATA[testing in progress
Before navigating to: 'https://dev-cloud.campk12.com/in'
Navigated to:'https://dev-cloud.campk12.com/in'
Trying to find Element By : By.xpath: //*[contains(text(),'Login to Dashboard')]
Found Element By : By.xpath: //*[contains(text(),'Login to Dashboard')]
Trying to click on: [[ChromeDriver: chrome on MAC (0b3094a7615327dba598b6dbfa4ee326)] -> xpath: //*[contains(text(),'Login to Dashboard')]]
Clicked on: [[ChromeDriver: chrome on MAC (0b3094a7615327dba598b6dbfa4ee326)] -> xpath: //*[contains(text(),'Login to Dashboard')]]
Trying to find Element By : By.xpath: //button[contains(text(),'Login via Password Instead')]
Found Element By : By.xpath: //button[contains(text(),'Login via Password Instead')]
Trying to click on: [[ChromeDriver: chrome on MAC (0b3094a7615327dba598b6dbfa4ee326)] -> xpath: //button[contains(text(),'Login via Password Instead')]]
Clicked on: [[ChromeDriver: chrome on MAC (0b3094a7615327dba598b6dbfa4ee326)] -> xpath: //button[contains(text(),'Login via Password Instead')]]
Trying to find Element By : By.xpath: //input[@name='email' and @type='email']
Found Element By : By.xpath: //input[@name='email' and @type='email']
Trying to find Element By : By.xpath: //input[@name="password" and @type="password"]
Found Element By : By.xpath: //input[@name="password" and @type="password"]
Trying to find Element By : By.xpath: //button[contains(text(),"Login with Password")]
Found Element By : By.xpath: //button[contains(text(),"Login with Password")]
Trying to click on: [[ChromeDriver: chrome on MAC (0b3094a7615327dba598b6dbfa4ee326)] -> xpath: //button[contains(text(),"Login with Password")]]
Clicked on: [[ChromeDriver: chrome on MAC (0b3094a7615327dba598b6dbfa4ee326)] -> xpath: //button[contains(text(),"Login with Password")]]
Trying to find Element By : By.xpath: //a[@href = "/curriculum"]
Found Element By : By.xpath: //a[@href = "/curriculum"]
Trying to click on: [[ChromeDriver: chrome on MAC (0b3094a7615327dba598b6dbfa4ee326)] -> xpath: //a[@href = "/curriculum"]]
Clicked on: [[ChromeDriver: chrome on MAC (0b3094a7615327dba598b6dbfa4ee326)] -> xpath: //a[@href = "/curriculum"]]
Trying to find Element By : By.cssSelector: input.css-1gy22ay[value="MONTHLY"]
Found Element By : By.cssSelector: input.css-1gy22ay[value="MONTHLY"]
Trying to click on: [[ChromeDriver: chrome on MAC (0b3094a7615327dba598b6dbfa4ee326)] -> css selector: input.css-1gy22ay[value="MONTHLY"]]
Exception occured: org.openqa.selenium.ElementClickInterceptedException: element click intercepted: Element is not clickable at point (876, 991)
  (Session info: chrome=105.0.5195.102)
Build info: version: '4.4.0', revision: 'e5c75ed026a'
System info: host: 'mandeeps-MacBook-Air.local', ip: '2401:4900:1f33:aa9c:4d5:146c:d7bf:cd62%en0', os.name: 'Mac OS X', os.arch: 'x86_64', os.version: '11.5.2', java.version: '17.0.1'
Driver info: org.openqa.selenium.chrome.ChromeDriver
Command: [0b3094a7615327dba598b6dbfa4ee326, clickElement {id=4e5bef1a-106e-467d-a5c6-62133cefc49c}]
Capabilities {acceptInsecureCerts: false, browserName: chrome, browserVersion: 105.0.5195.102, chrome: {chromedriverVersion: 104.0.5112.79 (3cf3e8c8a07d..., userDataDir: /var/folders/g3/l59l2wlx2jx...}, goog:chromeOptions: {debuggerAddress: localhost:50087}, networkConnectionEnabled: false, pageLoadStrategy: normal, platformName: MAC, proxy: Proxy(), se:cdp: ws://localhost:50087/devtoo..., se:cdpVersion: 105.0.5195.102, setWindowRect: true, strictFileInteractability: false, timeouts: {implicit: 0, pageLoad: 300000, script: 30000}, unhandledPromptBehavior: dismiss and notify, webauthn:extension:credBlob: true, webauthn:extension:largeBlob: true, webauthn:virtualAuthenticators: true}
Element: [[ChromeDriver: chrome on MAC (0b3094a7615327dba598b6dbfa4ee326)] -> css selector: input.css-1gy22ay[value="MONTHLY"]]
Session ID: 0b3094a7615327dba598b6dbfa4ee326
]]></system-out>
    <system-err><![CDATA[Starting ChromeDriver 104.0.5112.79 (3cf3e8c8a07d104b9e1260c910efb8f383285dc5-refs/branch-heads/5112@{#1307}) on port 61564
Only local connections are allowed.
Please see https://chromedriver.chromium.org/security-considerations for suggestions on keeping ChromeDriver safe.
ChromeDriver was started successfully.
[1662737810.613][WARNING]: This version of ChromeDriver has not been tested with Chrome version 105.
Sep 09, 2022 9:06:50 PM org.openqa.selenium.remote.ProtocolHandshake createSession
INFO: Detected upstream dialect: W3C
Sep 09, 2022 9:06:51 PM org.openqa.selenium.devtools.CdpVersionFinder findNearestMatch
WARNING: Unable to find an exact match for CDP version 105, so returning the closest version found: 104
Sep 09, 2022 9:06:51 PM org.openqa.selenium.devtools.CdpVersionFinder findNearestMatch
INFO: Found CDP implementation for version 105 of 104
]]></system-err>
  </testcase>
  <testcase name="login" classname="hybridWeb.crm.qa.testcases.LoginPageTest" time="6.504"/>
</testsuite>